----------

Sat Feb 11 2023 18:19:22 GMT+0100 (Ora standard dell’Europa centrale)

warning: in the working copy of 'about.html', LF will be replaced by CRLF the next time Git touches it


----------

Sat Feb 11 2023 18:19:22 GMT+0100 (Ora standard dell’Europa centrale)

warning: in the working copy of 'assets/bootstrap/css/bootstrap.min.css', LF will be replaced by CRLF the next time Git touches it


----------

Sat Feb 11 2023 18:19:22 GMT+0100 (Ora standard dell’Europa centrale)

warning: in the working copy of 'assets/bootstrap/js/bootstrap.min.js', LF will be replaced by CRLF the next time Git touches it


----------

Sat Feb 11 2023 18:19:22 GMT+0100 (Ora standard dell’Europa centrale)

warning: in the working copy of 'assets/fonts/font-awesome.min.css', LF will be replaced by CRLF the next time Git touches it


----------

Sat Feb 11 2023 18:19:22 GMT+0100 (Ora standard dell’Europa centrale)

warning: in the working copy of 'assets/fonts/fontawesome-webfont.svg', LF will be replaced by CRLF the next time Git touches it


----------

Sat Feb 11 2023 18:19:22 GMT+0100 (Ora standard dell’Europa centrale)

warning: in the working copy of 'assets/js/clean-blog.js', LF will be replaced by CRLF the next time Git touches it


----------

Sat Feb 11 2023 18:19:22 GMT+0100 (Ora standard dell’Europa centrale)

warning: in the working copy of 'contact.html', LF will be replaced by CRLF the next time Git touches it


----------

Sat Feb 11 2023 18:19:22 GMT+0100 (Ora standard dell’Europa centrale)

warning: in the working copy of 'index.html', LF will be replaced by CRLF the next time Git touches it


----------

Sat Feb 11 2023 18:19:22 GMT+0100 (Ora standard dell’Europa centrale)

warning: in the working copy of 'post.html', LF will be replaced by CRLF the next time Git touches it


----------

Sat Feb 11 2023 18:19:30 GMT+0100 (Ora standard dell’Europa centrale)

To https://github.com/francescoavant/francescoavant.github.io.git
   90d0a27..2324205  main -> main


----------

Sat Feb 11 2023 18:22:03 GMT+0100 (Ora standard dell’Europa centrale)

warning: in the working copy of 'about.html', LF will be replaced by CRLF the next time Git touches it


----------

Sat Feb 11 2023 18:22:03 GMT+0100 (Ora standard dell’Europa centrale)

warning: in the working copy of 'assets/bootstrap/css/bootstrap.min.css', LF will be replaced by CRLF the next time Git touches it


----------

Sat Feb 11 2023 18:22:03 GMT+0100 (Ora standard dell’Europa centrale)

warning: in the working copy of 'assets/bootstrap/js/bootstrap.min.js', LF will be replaced by CRLF the next time Git touches it


----------

Sat Feb 11 2023 18:22:03 GMT+0100 (Ora standard dell’Europa centrale)

warning: in the working copy of 'assets/fonts/font-awesome.min.css', LF will be replaced by CRLF the next time Git touches it


----------

Sat Feb 11 2023 18:22:03 GMT+0100 (Ora standard dell’Europa centrale)

warning: in the working copy of 'assets/fonts/fontawesome-webfont.svg', LF will be replaced by CRLF the next time Git touches it


----------

Sat Feb 11 2023 18:22:03 GMT+0100 (Ora standard dell’Europa centrale)

warning: in the working copy of 'assets/js/clean-blog.js', LF will be replaced by CRLF the next time Git touches it


----------

Sat Feb 11 2023 18:22:03 GMT+0100 (Ora standard dell’Europa centrale)

warning: in the working copy of 'contact.html', LF will be replaced by CRLF the next time Git touches it


----------

Sat Feb 11 2023 18:22:03 GMT+0100 (Ora standard dell’Europa centrale)

warning: in the working copy of 'index.html', LF will be replaced by CRLF the next time Git touches it


----------

Sat Feb 11 2023 18:22:03 GMT+0100 (Ora standard dell’Europa centrale)

warning: in the working copy of 'post.html', LF will be replaced by CRLF the next time Git touches it


----------

Sat Feb 11 2023 18:22:03 GMT+0100 (Ora standard dell’Europa centrale)

warning: in the working copy of 'error.log', LF will be replaced by CRLF the next time Git touches it


----------

Sat Feb 11 2023 18:22:07 GMT+0100 (Ora standard dell’Europa centrale)

To https://github.com/francescoavant/francescoavant.github.io.git
   2324205..6131221  main -> main


